<?xml version="1.0" encoding="utf-8"?><testsuites name="pytest tests"><testsuite name="pytest" errors="0" failures="0" skipped="0" tests="47" time="13.408" timestamp="2026-06-30T12:41:50.529156+00:00" hostname="agent-env-be762e33-1948-46c2-88c7-50ac0730321e"><testcase classname="tests.test_butterfly_backend.TestAuth" name="test_register_returns_user_and_sets_cookies" time="0.365" /><testcase classname="tests.test_butterfly_backend.TestAuth" name="test_register_duplicate_email_400" time="0.762" /><testcase classname="tests.test_butterfly_backend.TestAuth" name="test_register_short_password_422" time="0.103" /><testcase classname="tests.test_buddy_lookup_bug.TestLookupNormalization" name="test_lookup_with_trailing_whitespace" time="1.179" /><testcase classname="tests.test_buddy_lookup_bug.TestLookupNormalization" name="test_lookup_with_newline" time="0.050" /><testcase classname="tests.test_buddy_lookup_bug.TestLookupNormalization" name="test_lookup_lowercase_buddy_id" time="0.048" /><testcase classname="tests.test_butterfly_backend.TestAuth" name="test_login_success" time="0.419" /><testcase classname="tests.test_buddy_lookup_bug.TestLookupNormalization" name="test_lookup_mixed_case_buddy_id" time="0.050" /><testcase classname="tests.test_buddy_lookup_bug.TestLookupNormalization" name="test_lookup_with_zero_width_char" time="0.047" /><testcase classname="tests.test_buddy_lookup_bug.TestLookupNormalization" name="test_send_request_with_trailing_whitespace_buddy_id" time="1.066" /><testcase classname="tests.test_butterfly_backend.TestAuth" name="test_login_wrong_password_401" time="0.504" /><testcase classname="tests.test_butterfly_backend.TestAuth" name="test_me_authenticated" time="0.228" /><testcase classname="tests.test_butterfly_backend.TestAuth" name="test_me_unauthenticated_401" time="0.099" /><testcase classname="tests.test_buddy_lookup_bug.TestLookupNormalization" name="test_send_request_lowercase_buddy_id" time="1.741" /><testcase classname="tests.test_butterfly_backend.TestAuth" name="test_logout_clears_cookies" time="0.626" /><testcase classname="tests.test_butterfly_backend.TestBuddyFlow" name="test_lookup_by_handle" time="0.697" /><testcase classname="tests.test_butterfly_backend.TestBuddyFlow" name="test_lookup_by_buddy_id" time="0.053" /><testcase classname="tests.test_butterfly_backend.TestBuddyFlow" name="test_lookup_self_returns_none" time="0.270" /><testcase classname="tests.test_butterfly_backend.TestBuddyFlow" name="test_pair_flow_via_handle_and_buddy_me" time="0.096" /><testcase classname="tests.test_buddy_lookup_bug.TestLookupNormalization" name="test_send_request_mixed_case_buddy_id" time="0.844" /><testcase classname="tests.test_butterfly_backend.TestBuddyFlow" name="test_cannot_request_when_paired" time="0.847" /><testcase classname="tests.test_buddy_lookup_bug.TestLookupNormalization" name="test_send_request_with_newline_and_zwsp" time="1.224" /><testcase classname="tests.test_butterfly_backend.TestBuddyFlow" name="test_cannot_request_self" time="0.628" /><testcase classname="tests.test_butterfly_backend.TestBuddyFlow" name="test_decline_and_cancel_flow" time="1.574" /><testcase classname="tests.test_butterfly_backend.TestEntries" name="test_create_without_buddy_400" time="0.606" /><testcase classname="tests.test_butterfly_backend.TestProfile" name="test_update_handle_and_display_name" time="0.227" /><testcase classname="tests.test_butterfly_backend.TestProfile" name="test_invalid_handle_uppercase_400" time="0.049" /><testcase classname="tests.test_butterfly_backend.TestProfile" name="test_invalid_handle_special_chars_400" time="0.048" /><testcase classname="tests.test_butterfly_backend.TestProfile" name="test_invalid_handle_too_short_400" time="0.050" /><testcase classname="tests.test_butterfly_backend.TestProfile" name="test_taken_handle_400" time="0.134" /><testcase classname="tests.test_butterfly_backend.TestProfile" name="test_complete_onboarding" time="0.100" /><testcase classname="tests.test_buddy_lookup_bug.TestErrorWording" name="test_not_found_message" time="0.422" /><testcase classname="tests.test_butterfly_backend.TestEntries" name="test_personal_entry_target_and_visibility" time="1.408" /><testcase classname="tests.test_butterfly_backend.TestEntries" name="test_only_author_can_edit_and_delete" time="0.482" /><testcase classname="tests.test_buddy_lookup_bug.TestErrorWording" name="test_self_via_buddy_id_message" time="0.502" /><testcase classname="tests.test_butterfly_backend.TestEntries" name="test_shared_room_either_can_edit" time="0.138" /><testcase classname="tests.test_buddy_lookup_bug.TestErrorWording" name="test_self_via_handle_message" time="0.446" /><testcase classname="tests.test_butterfly_backend.TestEntries" name="test_scheduling_coercion" time="0.332" /><testcase classname="tests.test_butterfly_backend.TestEntries" name="test_all_room_keys_accepted" time="1.187" /><testcase classname="tests.test_buddy_lookup_bug.TestCrossAccountRequest" name="test_a_sends_to_b_no_self_error" time="0.776" /><testcase classname="tests.test_buddy_lookup_bug.TestCrossAccountRequest" name="test_b_sees_incoming_then_accepts" time="1.318" /><testcase classname="tests.test_butterfly_backend.TestEntries" name="test_unknown_room_404" time="0.048" /><testcase classname="tests.test_butterfly_backend.TestUploads" name="test_upload_image_then_serve" time="0.683" /><testcase classname="tests.test_butterfly_backend.TestUploads" name="test_upload_disallowed_type_400" time="0.050" /><testcase classname="tests.test_butterfly_backend" name="test_health" time="0.108" /><testcase classname="tests.test_buddy_lookup_bug.TestRegistrationIsolation" name="test_two_accounts_get_unique_buddy_ids_and_ids" time="0.724" /><testcase classname="tests.test_buddy_lookup_bug.TestHandleLookup" name="test_handle_with_and_without_at_prefix" time="0.819" /></testsuite></testsuites>