<?xml version="1.0" encoding="utf-8"?><testsuites name="pytest tests"><testsuite name="pytest" errors="0" failures="0" skipped="0" tests="16" time="7.105" timestamp="2026-06-30T12:41:36.899704+00:00" hostname="agent-env-be762e33-1948-46c2-88c7-50ac0730321e"><testcase classname="tests.test_buddy_lookup_bug.TestErrorWording" name="test_not_found_message" time="0.792" /><testcase classname="tests.test_buddy_lookup_bug.TestErrorWording" name="test_self_via_buddy_id_message" time="0.597" /><testcase classname="tests.test_buddy_lookup_bug.TestLookupNormalization" name="test_lookup_with_trailing_whitespace" time="1.391" /><testcase classname="tests.test_buddy_lookup_bug.TestErrorWording" name="test_self_via_handle_message" time="0.413" /><testcase classname="tests.test_buddy_lookup_bug.TestLookupNormalization" name="test_lookup_with_newline" time="0.046" /><testcase classname="tests.test_buddy_lookup_bug.TestLookupNormalization" name="test_lookup_lowercase_buddy_id" time="0.045" /><testcase classname="tests.test_buddy_lookup_bug.TestLookupNormalization" name="test_lookup_mixed_case_buddy_id" time="0.227" /><testcase classname="tests.test_buddy_lookup_bug.TestLookupNormalization" name="test_lookup_with_zero_width_char" time="0.044" /><testcase classname="tests.test_buddy_lookup_bug.TestLookupNormalization" name="test_send_request_with_trailing_whitespace_buddy_id" time="1.156" /><testcase classname="tests.test_buddy_lookup_bug.TestCrossAccountRequest" name="test_a_sends_to_b_no_self_error" time="1.055" /><testcase classname="tests.test_buddy_lookup_bug.TestCrossAccountRequest" name="test_b_sees_incoming_then_accepts" time="1.530" /><testcase classname="tests.test_buddy_lookup_bug.TestLookupNormalization" name="test_send_request_lowercase_buddy_id" time="1.066" /><testcase classname="tests.test_buddy_lookup_bug.TestLookupNormalization" name="test_send_request_mixed_case_buddy_id" time="0.952" /><testcase classname="tests.test_buddy_lookup_bug.TestRegistrationIsolation" name="test_two_accounts_get_unique_buddy_ids_and_ids" time="1.391" /><testcase classname="tests.test_buddy_lookup_bug.TestLookupNormalization" name="test_send_request_with_newline_and_zwsp" time="0.845" /><testcase classname="tests.test_buddy_lookup_bug.TestHandleLookup" name="test_handle_with_and_without_at_prefix" time="0.819" /></testsuite></testsuites>