<?xml version="1.0" encoding="utf-8"?><testsuites name="pytest tests"><testsuite name="pytest" errors="0" failures="0" skipped="0" tests="53" time="13.868" timestamp="2026-06-30T13:15:44.331275+00:00" hostname="agent-env-be762e33-1948-46c2-88c7-50ac0730321e"><testcase classname="tests.test_butterfly_backend.TestAuth" name="test_register_returns_user_and_sets_cookies" time="0.711" /><testcase classname="tests.test_butterfly_backend.TestAuth" name="test_register_duplicate_email_400" time="0.618" /><testcase classname="tests.test_buddy_lookup_bug.TestLookupNormalization" name="test_lookup_with_trailing_whitespace" time="1.383" /><testcase classname="tests.test_butterfly_backend.TestAuth" name="test_register_short_password_422" time="0.103" /><testcase classname="tests.test_buddy_lookup_bug.TestLookupNormalization" name="test_lookup_with_newline" time="0.050" /><testcase classname="tests.test_buddy_lookup_bug.TestLookupNormalization" name="test_lookup_lowercase_buddy_id" time="0.046" /><testcase classname="tests.test_butterfly_backend.TestAuth" name="test_login_success" time="0.362" /><testcase classname="tests.test_buddy_lookup_bug.TestLookupNormalization" name="test_lookup_mixed_case_buddy_id" time="0.052" /><testcase classname="tests.test_buddy_lookup_bug.TestLookupNormalization" name="test_lookup_with_zero_width_char" time="0.265" /><testcase classname="tests.test_butterfly_backend.TestAuth" name="test_login_wrong_password_401" time="0.319" /><testcase classname="tests.test_buddy_lookup_bug.TestLookupNormalization" name="test_send_request_with_trailing_whitespace_buddy_id" time="0.920" /><testcase classname="tests.test_butterfly_backend.TestAuth" name="test_me_authenticated" time="0.231" /><testcase classname="tests.test_butterfly_backend.TestAuth" name="test_me_unauthenticated_401" time="0.318" /><testcase classname="tests.test_butterfly_backend.TestAuth" name="test_logout_clears_cookies" time="0.655" /><testcase classname="tests.test_buddy_lookup_bug.TestLookupNormalization" name="test_send_request_lowercase_buddy_id" time="1.096" /><testcase classname="tests.test_buddy_lookup_bug.TestLookupNormalization" name="test_send_request_mixed_case_buddy_id" time="0.753" /><testcase classname="tests.test_butterfly_backend.TestBuddyFlow" name="test_lookup_by_handle" time="1.227" /><testcase classname="tests.test_butterfly_backend.TestBuddyFlow" name="test_lookup_by_buddy_id" time="0.089" /><testcase classname="tests.test_buddy_lookup_bug.TestLookupNormalization" name="test_send_request_with_newline_and_zwsp" time="0.907" /><testcase classname="tests.test_butterfly_backend.TestBuddyFlow" name="test_lookup_self_returns_none" time="0.047" /><testcase classname="tests.test_butterfly_backend.TestBuddyFlow" name="test_pair_flow_via_handle_and_buddy_me" time="0.286" /><testcase classname="tests.test_butterfly_backend.TestBuddyFlow" name="test_cannot_request_when_paired" time="0.593" /><testcase classname="tests.test_butterfly_backend.TestEntries" name="test_create_without_buddy_400" time="0.605" /><testcase classname="tests.test_butterfly_backend.TestBuddyFlow" name="test_cannot_request_self" time="0.842" /><testcase classname="tests.test_butterfly_backend.TestBuddyFlow" name="test_decline_and_cancel_flow" time="1.214" /><testcase classname="tests.test_butterfly_backend.TestEntries" name="test_personal_entry_target_and_visibility" time="1.477" /><testcase classname="tests.test_butterfly_backend.TestEntries" name="test_only_author_can_edit_and_delete" time="0.244" /><testcase classname="tests.test_butterfly_backend.TestProfile" name="test_update_handle_and_display_name" time="0.088" /><testcase classname="tests.test_butterfly_backend.TestProfile" name="test_invalid_handle_uppercase_400" time="0.048" /><testcase classname="tests.test_butterfly_backend.TestProfile" name="test_invalid_handle_special_chars_400" time="0.051" /><testcase classname="tests.test_butterfly_backend.TestEntries" name="test_shared_room_either_can_edit" time="0.212" /><testcase classname="tests.test_butterfly_backend.TestProfile" name="test_invalid_handle_too_short_400" time="0.048" /><testcase classname="tests.test_butterfly_backend.TestProfile" name="test_taken_handle_400" time="0.311" /><testcase classname="tests.test_butterfly_backend.TestEntries" name="test_scheduling_coercion" time="0.145" /><testcase classname="tests.test_butterfly_backend.TestEntries" name="test_all_room_keys_accepted" time="0.664" /><testcase classname="tests.test_butterfly_backend.TestProfile" name="test_complete_onboarding" time="0.094" /><testcase classname="tests.test_storage_portability" name="test_backend_local_via_env_override" time="0.110" /><testcase classname="tests.test_storage_portability" name="test_backend_emergent_when_key_set" time="0.137" /><testcase classname="tests.test_storage_portability" name="test_backend_falls_back_to_local_with_no_key" time="0.131" /><testcase classname="tests.test_storage_portability" name="test_local_put_get_roundtrip" time="0.001" /><testcase classname="tests.test_storage_portability" name="test_local_get_missing_raises_filenotfound" time="0.001" /><testcase classname="tests.test_storage_portability" name="test_files_route_returns_404_for_missing_path" time="0.152" /><testcase classname="tests.test_buddy_lookup_bug.TestCrossAccountRequest" name="test_a_sends_to_b_no_self_error" time="0.861" /><testcase classname="tests.test_butterfly_backend.TestEntries" name="test_unknown_room_404" time="0.054" /><testcase classname="tests.test_buddy_lookup_bug.TestErrorWording" name="test_not_found_message" time="0.734" /><testcase classname="tests.test_buddy_lookup_bug.TestErrorWording" name="test_self_via_buddy_id_message" time="0.601" /><testcase classname="tests.test_buddy_lookup_bug.TestCrossAccountRequest" name="test_b_sees_incoming_then_accepts" time="1.260" /><testcase classname="tests.test_buddy_lookup_bug.TestErrorWording" name="test_self_via_handle_message" time="0.646" /><testcase classname="tests.test_buddy_lookup_bug.TestRegistrationIsolation" name="test_two_accounts_get_unique_buddy_ids_and_ids" time="1.190" /><testcase classname="tests.test_buddy_lookup_bug.TestHandleLookup" name="test_handle_with_and_without_at_prefix" time="1.044" /><testcase classname="tests.test_butterfly_backend.TestUploads" name="test_upload_image_then_serve" time="2.382" /><testcase classname="tests.test_butterfly_backend" name="test_health" time="0.205" /><testcase classname="tests.test_butterfly_backend.TestUploads" name="test_upload_disallowed_type_400" time="0.053" /></testsuite></testsuites>