<?xml version="1.0" encoding="utf-8"?><testsuites name="pytest tests"><testsuite name="pytest" errors="0" failures="0" skipped="0" tests="31" time="6.721" timestamp="2026-06-30T12:28:13.108940+00:00" hostname="agent-env-be762e33-1948-46c2-88c7-50ac0730321e"><testcase classname="tests.test_butterfly_backend.TestAuth" name="test_register_returns_user_and_sets_cookies" time="0.368" /><testcase classname="tests.test_butterfly_backend.TestAuth" name="test_register_duplicate_email_400" time="0.765" /><testcase classname="tests.test_butterfly_backend.TestAuth" name="test_register_short_password_422" time="0.140" /><testcase classname="tests.test_butterfly_backend.TestAuth" name="test_login_success" time="0.342" /><testcase classname="tests.test_butterfly_backend.TestAuth" name="test_login_wrong_password_401" time="0.391" /><testcase classname="tests.test_butterfly_backend.TestBuddyFlow" name="test_lookup_by_handle" time="1.718" /><testcase classname="tests.test_butterfly_backend.TestBuddyFlow" name="test_lookup_by_buddy_id" time="0.252" /><testcase classname="tests.test_butterfly_backend.TestBuddyFlow" name="test_lookup_self_returns_none" time="0.049" /><testcase classname="tests.test_butterfly_backend.TestAuth" name="test_me_authenticated" time="0.088" /><testcase classname="tests.test_butterfly_backend.TestBuddyFlow" name="test_pair_flow_via_handle_and_buddy_me" time="0.138" /><testcase classname="tests.test_butterfly_backend.TestAuth" name="test_me_unauthenticated_401" time="0.107" /><testcase classname="tests.test_butterfly_backend.TestBuddyFlow" name="test_cannot_request_when_paired" time="0.644" /><testcase classname="tests.test_butterfly_backend.TestAuth" name="test_logout_clears_cookies" time="0.589" /><testcase classname="tests.test_butterfly_backend.TestEntries" name="test_create_without_buddy_400" time="0.546" /><testcase classname="tests.test_butterfly_backend.TestBuddyFlow" name="test_cannot_request_self" time="0.904" /><testcase classname="tests.test_butterfly_backend.TestBuddyFlow" name="test_decline_and_cancel_flow" time="0.952" /><testcase classname="tests.test_butterfly_backend.TestEntries" name="test_personal_entry_target_and_visibility" time="1.111" /><testcase classname="tests.test_butterfly_backend.TestEntries" name="test_only_author_can_edit_and_delete" time="0.265" /><testcase classname="tests.test_butterfly_backend.TestProfile" name="test_update_handle_and_display_name" time="0.085" /><testcase classname="tests.test_butterfly_backend.TestEntries" name="test_shared_room_either_can_edit" time="0.183" /><testcase classname="tests.test_butterfly_backend.TestProfile" name="test_invalid_handle_uppercase_400" time="0.053" /><testcase classname="tests.test_butterfly_backend.TestProfile" name="test_invalid_handle_special_chars_400" time="0.111" /><testcase classname="tests.test_butterfly_backend.TestEntries" name="test_scheduling_coercion" time="0.212" /><testcase classname="tests.test_butterfly_backend.TestProfile" name="test_invalid_handle_too_short_400" time="0.050" /><testcase classname="tests.test_butterfly_backend.TestProfile" name="test_taken_handle_400" time="0.093" /><testcase classname="tests.test_butterfly_backend.TestProfile" name="test_complete_onboarding" time="0.183" /><testcase classname="tests.test_butterfly_backend.TestEntries" name="test_all_room_keys_accepted" time="0.886" /><testcase classname="tests.test_butterfly_backend.TestUploads" name="test_upload_image_then_serve" time="0.575" /><testcase classname="tests.test_butterfly_backend.TestUploads" name="test_upload_disallowed_type_400" time="0.050" /><testcase classname="tests.test_butterfly_backend.TestEntries" name="test_unknown_room_404" time="0.045" /><testcase classname="tests.test_butterfly_backend" name="test_health" time="0.134" /></testsuite></testsuites>